<?xml version="1.0" encoding="UTF-8"?>
<testng-results skipped="0" failed="0" ignored="0" total="1" passed="1">
  <reporter-output>
  </reporter-output>
  <suite name="Surefire suite" duration-ms="32400" started-at="2018-05-20T06:28:03Z" finished-at="2018-05-20T06:28:36Z">
    <groups>
    </groups>
    <test name="Surefire test" duration-ms="32400" started-at="2018-05-20T06:28:03Z" finished-at="2018-05-20T06:28:36Z">
      <class name="com.expedia.Flightbooking.ExpediaActionsTest">
        <test-method status="PASS" signature="testhomepage()[pri:0, instance:com.expedia.Flightbooking.ExpediaActionsTest@5ebec15]" name="testhomepage" duration-ms="32340" started-at="2018-05-20T06:28:03Z" finished-at="2018-05-20T06:28:36Z">
          <reporter-output>
          </reporter-output>
        </test-method> <!-- testhomepage -->
      </class> <!-- com.expedia.Flightbooking.ExpediaActionsTest -->
    </test> <!-- Surefire test -->
  </suite> <!-- Surefire suite -->
</testng-results>
