<?xml version="1.0" encoding="UTF-8"?>
<testng-results skipped="0" failed="0" ignored="0" total="1" passed="1">
  <reporter-output>
  </reporter-output>
  <suite name="Default suite" duration-ms="24571" started-at="2018-05-20T05:16:31Z" finished-at="2018-05-20T05:16:56Z">
    <groups>
    </groups>
    <test name="Default test" duration-ms="24571" started-at="2018-05-20T05:16:31Z" finished-at="2018-05-20T05:16:56Z">
      <class name="com.expedia.Flightbooking.ExpediaActions">
        <test-method status="PASS" signature="testhomepage()[pri:0, instance:com.expedia.Flightbooking.ExpediaActions@46d56d67]" name="testhomepage" duration-ms="24486" started-at="2018-05-20T05:16:31Z" finished-at="2018-05-20T05:16:56Z">
          <reporter-output>
          </reporter-output>
        </test-method> <!-- testhomepage -->
      </class> <!-- com.expedia.Flightbooking.ExpediaActions -->
    </test> <!-- Default test -->
  </suite> <!-- Default suite -->
</testng-results>
